<?xml version="1.0" encoding="UTF-8"?>
<!-- Generated by org.testng.reporters.JUnitReportReporter -->
<testsuite hostname="SyO" failures="0" tests="17" name="Test.TestLogin" time="372.163" errors="0" timestamp="2024-12-19T15:03:29 ICT" skipped="0">
  <testcase classname="Test.TestLogin" name="testLogin" time="20.823"/>
  <testcase classname="Test.TestLogin" name="testLogin" time="22.563"/>
  <testcase classname="Test.TestLogin" name="testLogin" time="20.639"/>
  <testcase classname="Test.TestLogin" name="testLogin" time="22.342"/>
  <testcase classname="Test.TestLogin" name="testLogin" time="23.549"/>
  <testcase classname="Test.TestLogin" name="testLogin" time="22.389"/>
  <testcase classname="Test.TestLogin" name="testLogin" time="21.183"/>
  <testcase classname="Test.TestLogin" name="testLogin" time="20.612"/>
  <testcase classname="Test.TestLogin" name="testLogin" time="21.731"/>
  <testcase classname="Test.TestLogin" name="testLogin" time="20.721"/>
  <testcase classname="Test.TestLogin" name="testLogin" time="23.541"/>
  <testcase classname="Test.TestLogin" name="testLogin" time="22.645"/>
  <testcase classname="Test.TestLogin" name="testLogin" time="23.012"/>
  <testcase classname="Test.TestLogin" name="testLogin" time="21.728"/>
  <testcase classname="Test.TestLogin" name="testLogin" time="20.740"/>
  <testcase classname="Test.TestLogin" name="testLogin" time="20.881"/>
  <testcase classname="Test.TestLogin" name="testLogin" time="23.064"/>
</testsuite> <!-- Test.TestLogin -->
