<?xml version="1.0" encoding="UTF-8"?>
<!-- Generated by org.testng.reporters.JUnitReportReporter -->
<testsuite hostname="SyO" failures="0" tests="1" name="Test.Read_TK" time="42.489" errors="0" timestamp="2024-12-16T22:16:14 ICT" skipped="0">
  <testcase classname="Test.Read_TK" name="testLogin" time="42.489"/>
</testsuite> <!-- Test.Read_TK -->
