<?xml version="1.0" encoding="UTF-8"?>
<!-- Generated by org.testng.reporters.JUnitReportReporter -->
<testsuite hostname="SyO" failures="0" tests="1" name="Test.TestStorage" time="17.539" errors="0" timestamp="2024-11-03T15:52:54 ICT" skipped="0">
  <testcase classname="Test.TestStorage" name="testLogin" time="17.539"/>
</testsuite> <!-- Test.TestStorage -->
