<?xml version="1.0" encoding="UTF-8"?>
<!-- Generated by org.testng.reporters.JUnitReportReporter -->
<testsuite hostname="SyO" failures="0" tests="1" name="Test.AddStory_Login" time="41.097" errors="0" timestamp="2024-12-19T15:22:56 ICT" skipped="0">
  <testcase classname="Test.AddStory_Login" name="testLogin" time="41.097"/>
</testsuite> <!-- Test.AddStory_Login -->
