<?xml version="1.0" encoding="UTF-8"?>
<!-- Generated by org.testng.reporters.JUnitReportReporter -->
<testsuite hostname="SyO" failures="0" tests="2" name="Test.RemoveStory" time="0.020" errors="0" timestamp="2024-12-19T11:20:53 ICT" skipped="0">
  <testcase classname="Test.RemoveStory" name="clickAtCoordinates" time="0.017"/>
  <testcase classname="Test.RemoveStory" name="clickAtCoordinates" time="0.003"/>
</testsuite> <!-- Test.RemoveStory -->
