<?xml version="1.0" encoding="UTF-8"?>
<!-- Generated by org.testng.reporters.JUnitReportReporter -->
<testsuite hostname="SyO" failures="0" tests="9" name="Test.TestComment" time="286.688" errors="0" timestamp="2024-12-19T14:48:28 ICT" skipped="0">
  <testcase classname="Test.TestComment" name="testLogin" time="30.923"/>
  <testcase classname="Test.TestComment" name="testLogin" time="31.009"/>
  <testcase classname="Test.TestComment" name="testLogin" time="32.143"/>
  <testcase classname="Test.TestComment" name="testLogin" time="33.382"/>
  <testcase classname="Test.TestComment" name="testLogin" time="32.730"/>
  <testcase classname="Test.TestComment" name="testLogin" time="31.115"/>
  <testcase classname="Test.TestComment" name="testLogin" time="31.278"/>
  <testcase classname="Test.TestComment" name="testLogin" time="32.545"/>
  <testcase classname="Test.TestComment" name="testLogin" time="31.563"/>
</testsuite> <!-- Test.TestComment -->
