<?xml version="1.0" encoding="UTF-8"?>
<!-- Generated by org.testng.reporters.JUnitReportReporter -->
<testsuite hostname="SyO" failures="0" tests="1" name="Test.Read_KP" time="23.977" errors="0" timestamp="2024-12-20T08:10:51 ICT" skipped="0">
  <testcase classname="Test.Read_KP" name="ReadKP" time="23.977"/>
</testsuite> <!-- Test.Read_KP -->
