<?xml version="1.0" encoding="UTF-8"?>
<!-- Generated by org.testng.reporters.JUnitReportReporter -->
<testsuite hostname="SyO" failures="0" tests="1" name="Test.AddStory_NoLogin" time="24.307" errors="0" timestamp="2024-12-19T15:26:39 ICT" skipped="0">
  <testcase classname="Test.AddStory_NoLogin" name="testLogin" time="24.307"/>
</testsuite> <!-- Test.AddStory_NoLogin -->
