<?xml version="1.0" encoding="UTF-8"?>
<!-- Generated by org.testng.reporters.JUnitReportReporter -->
<testsuite hostname="SyO" failures="0" tests="3" name="Test.Read_TT" time="40.697" errors="0" timestamp="2024-12-17T00:59:47 ICT" skipped="0">
  <testcase classname="Test.Read_TT" name="clickAtCoordinates" time="0.002"/>
  <testcase classname="Test.Read_TT" name="testLogin" time="40.674"/>
  <testcase classname="Test.Read_TT" name="clickAtCoordinates" time="0.021"/>
</testsuite> <!-- Test.Read_TT -->
