<?xml version="1.0" encoding="UTF-8"?>
<!-- Generated by org.testng.reporters.JUnitReportReporter -->
<testsuite hostname="SyO" failures="0" tests="9" name="Test.TestSearch" time="162.068" errors="0" timestamp="2024-12-19T15:08:39 ICT" skipped="0">
  <testcase classname="Test.TestSearch" name="testLogin" time="18.326"/>
  <testcase classname="Test.TestSearch" name="testLogin" time="17.721"/>
  <testcase classname="Test.TestSearch" name="testLogin" time="17.767"/>
  <testcase classname="Test.TestSearch" name="testLogin" time="18.221"/>
  <testcase classname="Test.TestSearch" name="testLogin" time="17.685"/>
  <testcase classname="Test.TestSearch" name="testLogin" time="17.885"/>
  <testcase classname="Test.TestSearch" name="testLogin" time="19.326"/>
  <testcase classname="Test.TestSearch" name="testLogin" time="17.647"/>
  <testcase classname="Test.TestSearch" name="testLogin" time="17.490"/>
</testsuite> <!-- Test.TestSearch -->
