<?xml version="1.0" encoding="UTF-8"?>
<!-- Generated by org.testng.reporters.JUnitReportReporter -->
<testsuite hostname="SyO" failures="0" tests="1" name="Base.abc" time="11.959" errors="0" timestamp="2024-09-19T14:23:38 ICT" skipped="0">
  <testcase classname="Base.abc" name="testLogin" time="11.959"/>
</testsuite> <!-- Base.abc -->
